/app/normal.py:23: DeprecationWarning: __array__ implementation doesn't accept a copy keyword, so passing copy=False failed. __array__ must implement 'dtype' and 'copy' keyword arguments. To learn more, see the migration guide https://numpy.org/devdocs/numpy_2_0_migration_guide.html#adapting-to-changes-in-the-copy-keyword
  X = np.stack([np.array(img) for img, _ in dataset])
/app/normal.py:38: DeprecationWarning: __array__ implementation doesn't accept a copy keyword, so passing copy=False failed. __array__ must implement 'dtype' and 'copy' keyword arguments. To learn more, see the migration guide https://numpy.org/devdocs/numpy_2_0_migration_guide.html#adapting-to-changes-in-the-copy-keyword
  test_images = np.stack([np.array(img) for img, _ in test_dataset])
/app/normal.py:23: DeprecationWarning: __array__ implementation doesn't accept a copy keyword, so passing copy=False failed. __array__ must implement 'dtype' and 'copy' keyword arguments. To learn more, see the migration guide https://numpy.org/devdocs/numpy_2_0_migration_guide.html#adapting-to-changes-in-the-copy-keyword
  X = np.stack([np.array(img) for img, _ in dataset])
/app/normal.py:38: DeprecationWarning: __array__ implementation doesn't accept a copy keyword, so passing copy=False failed. __array__ must implement 'dtype' and 'copy' keyword arguments. To learn more, see the migration guide https://numpy.org/devdocs/numpy_2_0_migration_guide.html#adapting-to-changes-in-the-copy-keyword
  test_images = np.stack([np.array(img) for img, _ in test_dataset])
/app/normal.py:23: DeprecationWarning: __array__ implementation doesn't accept a copy keyword, so passing copy=False failed. __array__ must implement 'dtype' and 'copy' keyword arguments. To learn more, see the migration guide https://numpy.org/devdocs/numpy_2_0_migration_guide.html#adapting-to-changes-in-the-copy-keyword
  X = np.stack([np.array(img) for img, _ in dataset])
/app/normal.py:38: DeprecationWarning: __array__ implementation doesn't accept a copy keyword, so passing copy=False failed. __array__ must implement 'dtype' and 'copy' keyword arguments. To learn more, see the migration guide https://numpy.org/devdocs/numpy_2_0_migration_guide.html#adapting-to-changes-in-the-copy-keyword
  test_images = np.stack([np.array(img) for img, _ in test_dataset])
/opt/conda/lib/python3.10/site-packages/torch/nn/_reduction.py:42: UserWarning: size_average and reduce args will be deprecated, please use reduction='sum' instead.
  warnings.warn(warning.format(ret))
/app/normal.py:23: DeprecationWarning: __array__ implementation doesn't accept a copy keyword, so passing copy=False failed. __array__ must implement 'dtype' and 'copy' keyword arguments. To learn more, see the migration guide https://numpy.org/devdocs/numpy_2_0_migration_guide.html#adapting-to-changes-in-the-copy-keyword
  X = np.stack([np.array(img) for img, _ in dataset])
/app/normal.py:38: DeprecationWarning: __array__ implementation doesn't accept a copy keyword, so passing copy=False failed. __array__ must implement 'dtype' and 'copy' keyword arguments. To learn more, see the migration guide https://numpy.org/devdocs/numpy_2_0_migration_guide.html#adapting-to-changes-in-the-copy-keyword
  test_images = np.stack([np.array(img) for img, _ in test_dataset])
/opt/conda/lib/python3.10/site-packages/torch/nn/_reduction.py:42: UserWarning: size_average and reduce args will be deprecated, please use reduction='sum' instead.
  warnings.warn(warning.format(ret))
/app/defense.py:28: DeprecationWarning: __array__ implementation doesn't accept a copy keyword, so passing copy=False failed. __array__ must implement 'dtype' and 'copy' keyword arguments. To learn more, see the migration guide https://numpy.org/devdocs/numpy_2_0_migration_guide.html#adapting-to-changes-in-the-copy-keyword
  X = np.stack([np.array(img) for img, _ in dataset])
/app/defense.py:49: DeprecationWarning: __array__ implementation doesn't accept a copy keyword, so passing copy=False failed. __array__ must implement 'dtype' and 'copy' keyword arguments. To learn more, see the migration guide https://numpy.org/devdocs/numpy_2_0_migration_guide.html#adapting-to-changes-in-the-copy-keyword
  test_images = np.stack([np.array(img) for img, _ in test_dataset])
/app/defense.py:28: DeprecationWarning: __array__ implementation doesn't accept a copy keyword, so passing copy=False failed. __array__ must implement 'dtype' and 'copy' keyword arguments. To learn more, see the migration guide https://numpy.org/devdocs/numpy_2_0_migration_guide.html#adapting-to-changes-in-the-copy-keyword
  X = np.stack([np.array(img) for img, _ in dataset])
/app/defense.py:49: DeprecationWarning: __array__ implementation doesn't accept a copy keyword, so passing copy=False failed. __array__ must implement 'dtype' and 'copy' keyword arguments. To learn more, see the migration guide https://numpy.org/devdocs/numpy_2_0_migration_guide.html#adapting-to-changes-in-the-copy-keyword
  test_images = np.stack([np.array(img) for img, _ in test_dataset])
/app/defense.py:28: DeprecationWarning: __array__ implementation doesn't accept a copy keyword, so passing copy=False failed. __array__ must implement 'dtype' and 'copy' keyword arguments. To learn more, see the migration guide https://numpy.org/devdocs/numpy_2_0_migration_guide.html#adapting-to-changes-in-the-copy-keyword
  X = np.stack([np.array(img) for img, _ in dataset])
/app/defense.py:49: DeprecationWarning: __array__ implementation doesn't accept a copy keyword, so passing copy=False failed. __array__ must implement 'dtype' and 'copy' keyword arguments. To learn more, see the migration guide https://numpy.org/devdocs/numpy_2_0_migration_guide.html#adapting-to-changes-in-the-copy-keyword
  test_images = np.stack([np.array(img) for img, _ in test_dataset])
/opt/conda/lib/python3.10/site-packages/torch/nn/_reduction.py:42: UserWarning: size_average and reduce args will be deprecated, please use reduction='sum' instead.
  warnings.warn(warning.format(ret))
/app/defense.py:28: DeprecationWarning: __array__ implementation doesn't accept a copy keyword, so passing copy=False failed. __array__ must implement 'dtype' and 'copy' keyword arguments. To learn more, see the migration guide https://numpy.org/devdocs/numpy_2_0_migration_guide.html#adapting-to-changes-in-the-copy-keyword
  X = np.stack([np.array(img) for img, _ in dataset])
/app/defense.py:49: DeprecationWarning: __array__ implementation doesn't accept a copy keyword, so passing copy=False failed. __array__ must implement 'dtype' and 'copy' keyword arguments. To learn more, see the migration guide https://numpy.org/devdocs/numpy_2_0_migration_guide.html#adapting-to-changes-in-the-copy-keyword
  test_images = np.stack([np.array(img) for img, _ in test_dataset])
/opt/conda/lib/python3.10/site-packages/torch/nn/_reduction.py:42: UserWarning: size_average and reduce args will be deprecated, please use reduction='sum' instead.
  warnings.warn(warning.format(ret))

=== Running Pipeline: pre_noop_in_noop_post_noop ===
Train Acc: 87.20% | Test Acc: 70.55% | PGD Acc: 0.00% | AUROC: 0.4385 | ASR: 9.92%

=== Running Pipeline: pre_noop_in_noop_post_fineprune ===
Train Acc: 16.75% | Test Acc: 16.57% | PGD Acc: 0.05% | AUROC: 0.0061 | ASR: 0.00%

=== Running Pipeline: pre_noop_in_trades_post_noop ===
Train Acc: 67.06% | Test Acc: 63.51% | PGD Acc: 18.70% | AUROC: 0.8461 | ASR: 8.88%

=== Running Pipeline: pre_noop_in_trades_post_fineprune ===
Train Acc: 30.67% | Test Acc: 30.92% | PGD Acc: 16.67% | AUROC: 0.2938 | ASR: 8.13%

=== Running Pipeline: pre_squeeze_in_noop_post_noop ===
Train Acc: 83.57% | Test Acc: 69.87% | PGD Acc: 0.00% | AUROC: 0.2476 | ASR: 7.08%

=== Running Pipeline: pre_squeeze_in_noop_post_fineprune ===
Train Acc: 14.36% | Test Acc: 14.52% | PGD Acc: 0.01% | AUROC: 0.0966 | ASR: 0.00%

=== Running Pipeline: pre_squeeze_in_trades_post_noop ===
Train Acc: 66.69% | Test Acc: 63.34% | PGD Acc: 16.90% | AUROC: 0.9594 | ASR: 10.76%

=== Running Pipeline: pre_squeeze_in_trades_post_fineprune ===
Train Acc: 29.35% | Test Acc: 29.24% | PGD Acc: 14.75% | AUROC: 0.5337 | ASR: 5.17%
