Loading and processing manually downloaded CelebA dataset...
train data saved to /output/data.npy
train labels saved to /output/labels.npy
Successfully processed and saved CelebA data to /output
Dataset statistics:
  Training set: 162079 images, 78101 smiling (48.19%)
  Test set:     40520 images, 19568 smiling (48.29%)
Loading and processing manually downloaded CelebA dataset...
train data saved to /output/data.npy
train labels saved to /output/labels.npy
Successfully processed and saved CelebA data to /output
Dataset statistics:
  Training set: 162079 images, 78101 smiling (48.19%)
  Test set:     40520 images, 19568 smiling (48.29%)
Loading and processing manually downloaded CelebA dataset...
train data saved to /output/data.npy
train labels saved to /output/labels.npy
Successfully processed and saved CelebA data to /output
Dataset statistics:
  Training set: 162079 images, 78101 smiling (48.19%)
  Test set:     40520 images, 19568 smiling (48.29%)
Loading and processing manually downloaded CelebA dataset...
train data saved to /output/data.npy
train labels saved to /output/labels.npy
Successfully processed and saved CelebA data to /output
Dataset statistics:
  Training set: 162079 images, 78101 smiling (48.19%)
  Test set:     40520 images, 19568 smiling (48.29%)

=== Running Pipeline: pre_noop_in_noop_post_noop ===
Train Acc: 92.41% | Test Acc: 91.66% | PGD Acc: 0.00% | AUROC: 0.5602 | ASR: 52.15%

=== Running Pipeline: pre_noop_in_noop_post_fineprune ===
Train Acc: 90.46% | Test Acc: 89.80% | PGD Acc: 0.00% | AUROC: 0.7926 | ASR: 46.63%

=== Running Pipeline: pre_noop_in_trades_post_noop ===
Train Acc: 86.02% | Test Acc: 86.45% | PGD Acc: 58.25% | AUROC: 0.5750 | ASR: 50.86%

=== Running Pipeline: pre_noop_in_trades_post_fineprune ===
Train Acc: 85.24% | Test Acc: 85.54% | PGD Acc: 57.38% | AUROC: 0.5130 | ASR: 49.19%

=== Running Pipeline: pre_celeba_in_noop_post_noop ===
Train Acc: 93.18% | Test Acc: 90.69% | PGD Acc: 0.00% | AUROC: 0.7162 | ASR: 53.80%

=== Running Pipeline: pre_celeba_in_noop_post_fineprune ===
Train Acc: 90.07% | Test Acc: 89.17% | PGD Acc: 0.00% | AUROC: 0.8098 | ASR: 47.26%

=== Running Pipeline: pre_celeba_in_trades_post_noop ===
Train Acc: 85.96% | Test Acc: 85.95% | PGD Acc: 54.49% | AUROC: 0.5378 | ASR: 50.57%

=== Running Pipeline: pre_celeba_in_trades_post_fineprune ===
Train Acc: 83.02% | Test Acc: 82.83% | PGD Acc: 51.17% | AUROC: 0.5067 | ASR: 42.58%
