Loading and processing manually downloaded CelebA dataset...
train data saved to /output/data.npy
train labels saved to /output/labels.npy
Successfully processed and saved CelebA data to /output
Dataset statistics:
  Training set: 162079 images, 78101 smiling (48.19%)
  Test set:     40520 images, 19568 smiling (48.29%)
Test Accuracy: 90.25%
Loading and processing manually downloaded CelebA dataset...
train data saved to /output/data.npy
train labels saved to /output/labels.npy
Successfully processed and saved CelebA data to /output
Dataset statistics:
  Training set: 162079 images, 78101 smiling (48.19%)
  Test set:     40520 images, 19568 smiling (48.29%)
Test Accuracy: 89.58%
Loading and processing manually downloaded CelebA dataset...
train data saved to /output/data.npy
train labels saved to /output/labels.npy
Successfully processed and saved CelebA data to /output
Dataset statistics:
  Training set: 162079 images, 78101 smiling (48.19%)
  Test set:     40520 images, 19568 smiling (48.29%)
Test Accuracy: 80.57%

Final privacy cost: ε = 0.08, δ = 1e-05
Saving to: /output/privacy_values.txt
Loading and processing manually downloaded CelebA dataset...
train data saved to /output/data.npy
train labels saved to /output/labels.npy
Successfully processed and saved CelebA data to /output
Dataset statistics:
  Training set: 162079 images, 78101 smiling (48.19%)
  Test set:     40520 images, 19568 smiling (48.29%)
Test Accuracy: 73.97%

Final privacy cost: ε = 0.08, δ = 1e-05
Saving to: /output/privacy_values.txt
Test Accuracy: 89.01%
Test Accuracy: 89.10%
Test Accuracy: 72.22%

Final privacy cost: ε = 0.08, δ = 1e-05
Saving to: /output/privacy_values.txt
Test Accuracy: 72.74%

Final privacy cost: ε = 0.08, δ = 1e-05
Saving to: /output/privacy_values.txt

=== Running Pipeline: pre_noop_in_noop_post_noop ===
Train Acc: 71.46% | Test Acc: 71.51% | AUROC Outl: 37.33% | Epsilon: 0.00 - Delta: 0.0 | ASR: 80.18%

=== Running Pipeline: pre_noop_in_noop_post_fineprune ===
Train Acc: 83.14% | Test Acc: 83.09% | AUROC Outl: 60.17% | Epsilon: 0.00 - Delta: 0.0 | ASR: 67.20%

=== Running Pipeline: pre_noop_in_dp_post_noop ===
Train Acc: 51.81% | Test Acc: 51.71% | AUROC Outl: 50.00% | Epsilon: 0.08 - Delta: 1e-05 | ASR: 100.00%

=== Running Pipeline: pre_noop_in_dp_post_fineprune ===
Train Acc: 51.81% | Test Acc: 51.71% | AUROC Outl: 50.00% | Epsilon: 0.08 - Delta: 1e-05 | ASR: 100.00%

=== Running Pipeline: pre_celeba_in_noop_post_noop ===
Train Acc: 63.72% | Test Acc: 64.07% | AUROC Outl: 40.36% | Epsilon: 0.00 - Delta: 0.0 | ASR: 87.32%

=== Running Pipeline: pre_celeba_in_noop_post_fineprune ===
Train Acc: 80.05% | Test Acc: 80.07% | AUROC Outl: 52.68% | Epsilon: 0.00 - Delta: 0.0 | ASR: 71.16%

=== Running Pipeline: pre_celeba_in_dp_post_noop ===
Train Acc: 51.74% | Test Acc: 52.01% | AUROC Outl: 50.00% | Epsilon: 0.08 - Delta: 1e-05 | ASR: 99.98%

=== Running Pipeline: pre_celeba_in_dp_post_fineprune ===
Train Acc: 48.26% | Test Acc: 47.99% | AUROC Outl: 50.00% | Epsilon: 0.08 - Delta: 1e-05 | ASR: 0.00%
