Test Accuracy: 10.00%
Test Accuracy: 10.00%
Test Accuracy: 10.33%

Final privacy cost: ε = 0.68, δ = 1e-05
Saving to: /output/privacy_values.txt
Test Accuracy: 10.00%

Final privacy cost: ε = 0.68, δ = 1e-05
Saving to: /output/privacy_values.txt
Test Accuracy: 10.00%
Test Accuracy: 10.00%
Test Accuracy: 10.11%

Final privacy cost: ε = 0.68, δ = 1e-05
Saving to: /output/privacy_values.txt
Test Accuracy: 10.00%

Final privacy cost: ε = 0.68, δ = 1e-05
Saving to: /output/privacy_values.txt

=== Running Pipeline: pre_noop_in_noop_post_noop ===
Train Acc: 10.00% | Test Acc: 10.00% | AUROC Outl: 57.39% | Epsilon: 0.00 - Delta: 0.0 | ASR: 0.00%

=== Running Pipeline: pre_noop_in_noop_post_fineprune ===
Train Acc: 9.82% | Test Acc: 10.01% | AUROC Outl: 45.10% | Epsilon: 0.00 - Delta: 0.0 | ASR: 0.00%

=== Running Pipeline: pre_noop_in_dp_post_noop ===
Train Acc: 9.49% | Test Acc: 9.04% | AUROC Outl: 50.00% | Epsilon: 0.68 - Delta: 1e-05 | ASR: 0.00%

=== Running Pipeline: pre_noop_in_dp_post_fineprune ===
Train Acc: 10.47% | Test Acc: 9.73% | AUROC Outl: 50.00% | Epsilon: 0.68 - Delta: 1e-05 | ASR: 0.00%

=== Running Pipeline: pre_squeeze_in_noop_post_noop ===
Train Acc: 10.01% | Test Acc: 10.01% | AUROC Outl: 52.93% | Epsilon: 0.00 - Delta: 0.0 | ASR: 0.08%

=== Running Pipeline: pre_squeeze_in_noop_post_fineprune ===
Train Acc: 10.00% | Test Acc: 10.00% | AUROC Outl: 53.71% | Epsilon: 0.00 - Delta: 0.0 | ASR: 0.00%

=== Running Pipeline: pre_squeeze_in_dp_post_noop ===
Train Acc: 11.51% | Test Acc: 11.29% | AUROC Outl: 50.00% | Epsilon: 0.68 - Delta: 1e-05 | ASR: 0.00%

=== Running Pipeline: pre_squeeze_in_dp_post_fineprune ===
Train Acc: 10.00% | Test Acc: 10.00% | AUROC Outl: 50.00% | Epsilon: 0.68 - Delta: 1e-05 | ASR: 0.00%
