Loading and processing manually downloaded CelebA dataset...
train data saved to /output/data.npy
train labels saved to /output/labels.npy
Successfully processed and saved CelebA data to /output
Dataset statistics:
  Training set: 162079 images, 78101 smiling (48.19%)
  Test set:     40520 images, 19568 smiling (48.29%)
Loading and processing manually downloaded CelebA dataset...
train data saved to /output/data.npy
train labels saved to /output/labels.npy
Successfully processed and saved CelebA data to /output
Dataset statistics:
  Training set: 162079 images, 78101 smiling (48.19%)
  Test set:     40520 images, 19568 smiling (48.29%)
Loading and processing manually downloaded CelebA dataset...
train data saved to /output/data.npy
train labels saved to /output/labels.npy
Successfully processed and saved CelebA data to /output
Dataset statistics:
  Training set: 162079 images, 78101 smiling (48.19%)
  Test set:     40520 images, 19568 smiling (48.29%)
Loading and processing manually downloaded CelebA dataset...
train data saved to /output/data.npy
train labels saved to /output/labels.npy
Successfully processed and saved CelebA data to /output
Dataset statistics:
  Training set: 162079 images, 78101 smiling (48.19%)
  Test set:     40520 images, 19568 smiling (48.29%)
Loading CelebA with attribute 'Smiling'...
Splitting dataset...
Applying feature squeezing...
Saving files...
saved train data to /output/data.npy
saved train labels to /output/labels.npy
Results saved to /output:
- train_data.npy: (162079, 3, 32, 32)
- train_labels.npy: (162079,)
- test_data.npy: (40520, 3, 32, 32)
- test_labels.npy: (40520,)
Done!
Loading CelebA with attribute 'Smiling'...
Splitting dataset...
Applying feature squeezing...
Saving files...
saved train data to /output/data.npy
saved train labels to /output/labels.npy
Results saved to /output:
- train_data.npy: (162079, 3, 32, 32)
- train_labels.npy: (162079,)
- test_data.npy: (40520, 3, 32, 32)
- test_labels.npy: (40520,)
Done!
Loading CelebA with attribute 'Smiling'...
Splitting dataset...
Applying feature squeezing...
Saving files...
saved train data to /output/data.npy
saved train labels to /output/labels.npy
Results saved to /output:
- train_data.npy: (162079, 3, 32, 32)
- train_labels.npy: (162079,)
- test_data.npy: (40520, 3, 32, 32)
- test_labels.npy: (40520,)
Done!
Loading CelebA with attribute 'Smiling'...
Splitting dataset...
Applying feature squeezing...
Saving files...
saved train data to /output/data.npy
saved train labels to /output/labels.npy
Results saved to /output:
- train_data.npy: (162079, 3, 32, 32)
- train_labels.npy: (162079,)
- test_data.npy: (40520, 3, 32, 32)
- test_labels.npy: (40520,)
Done!

=== Running Pipeline: pre_noop_in_noop_post_noop ===
Train Acc: 96.39% | Test Acc: 90.70% | PGD Acc: 0.00% | AUROC: 0.5117 | ASR: 51.47%

=== Running Pipeline: pre_noop_in_noop_post_fineprune ===
Train Acc: 95.69% | Test Acc: 91.19% | PGD Acc: 0.00% | AUROC: 0.4219 | ASR: 54.22%

=== Running Pipeline: pre_noop_in_trades_post_noop ===
Train Acc: 88.72% | Test Acc: 88.44% | PGD Acc: 52.67% | AUROC: 0.5737 | ASR: 51.73%

=== Running Pipeline: pre_noop_in_trades_post_fineprune ===
Train Acc: 90.43% | Test Acc: 89.89% | PGD Acc: 50.53% | AUROC: 0.6068 | ASR: 54.19%

=== Running Pipeline: pre_celeba_in_noop_post_noop ===
Train Acc: 95.56% | Test Acc: 90.17% | PGD Acc: 2.69% | AUROC: 0.4538 | ASR: 54.51%

=== Running Pipeline: pre_celeba_in_noop_post_fineprune ===
Train Acc: 94.76% | Test Acc: 89.64% | PGD Acc: 0.01% | AUROC: 0.3425 | ASR: 55.91%

=== Running Pipeline: pre_celeba_in_trades_post_noop ===
Train Acc: 89.29% | Test Acc: 88.35% | PGD Acc: 38.79% | AUROC: 0.6341 | ASR: 50.69%

=== Running Pipeline: pre_celeba_in_trades_post_fineprune ===
Train Acc: 90.68% | Test Acc: 89.39% | PGD Acc: 40.78% | AUROC: 0.6461 | ASR: 54.08%
